生成启动时间为 2016/6/2 8:22:33。
     1>项目“C:\Users\hj\documents\visual studio 2015\Projects\ConsoleApplication50\ConsoleApplication50\ConsoleApplication50.vcxproj”在节点 2 上(Build 个目标)。
     1>Link:
         C:\Program Files (x86)\Microsoft Visual Studio 14.0\VC\bin\link.exe /ERRORREPORT:PROMPT /OUT:"C:\Users\hj\documents\visual studio 2015\Projects\ConsoleApplication50\Debug\ConsoleApplication50.exe" /INCREMENTAL /NOLOGO /LIBPATH:"D:\SFML-2.3.2\lib" "sfml-audio.lib" "sfml-graphics-s-d.lib" "sfml-window-s-d.lib" "sfml-system-s-d.lib" "sfml-network-s-d.lib" "sfml-audio-s-d.lib" "sfml-graphics-s.lib" "sfml-window-s.lib" "sfml-system-s.lib" "sfml-network-s.lib" "sfml-audio-s.lib" opengl32.lib winmm.lib freetype.lib jpeg.lib gdi32.lib kernel32.lib user32.lib gdi32.lib winspool.lib comdlg32.lib advapi32.lib shell32.lib ole32.lib oleaut32.lib uuid.lib odbc32.lib odbccp32.lib kernel32.lib user32.lib gdi32.lib winspool.lib comdlg32.lib advapi32.lib shell32.lib ole32.lib oleaut32.lib uuid.lib odbc32.lib odbccp32.lib /MANIFEST /MANIFESTUAC:"level='asInvoker' uiAccess='false'" /manifest:embed /Debug /PDB:"C:\Users\hj\documents\visual studio 2015\Projects\ConsoleApplication50\Debug\ConsoleApplication50.pdb" /SUBSYSTEM:CONSOLE /TLBID:1 /DYNAMICBASE /NXCOMPAT /IMPLIB:"C:\Users\hj\documents\visual studio 2015\Projects\ConsoleApplication50\Debug\ConsoleApplication50.lib" /MACHINE:X86 Debug\ConsoleApplication50.res
         Debug\Boss.obj
         Debug\Bullet.obj
         Debug\ConsoleApplication50.obj
         Debug\Enemy.obj
         Debug\Gun.obj
         Debug\Hero.obj
         Debug\LaunchToolPoint.obj
         Debug\Plane.obj
         Debug\Sky.obj
         Debug\Sprite.obj
         Debug\stdafx.obj
         Debug\Texture.obj
         Debug\ToolPoint.obj
     1>sfml-graphics-s-d.lib(BlendMode.cpp.obj) : warning LNK4099: 未找到 PDB“vc140.pdb”(使用“sfml-graphics-s-d.lib(BlendMode.cpp.obj)”或在“C:\Users\hj\documents\visual studio 2015\Projects\ConsoleApplication50\Debug\vc140.pdb”中寻找)；正在链接对象，如同没有调试信息一样
     1>sfml-graphics-s-d.lib(Color.cpp.obj) : warning LNK4099: 未找到 PDB“vc140.pdb”(使用“sfml-graphics-s-d.lib(Color.cpp.obj)”或在“C:\Users\hj\documents\visual studio 2015\Projects\ConsoleApplication50\Debug\vc140.pdb”中寻找)；正在链接对象，如同没有调试信息一样
     1>sfml-graphics-s-d.lib(GLCheck.cpp.obj) : warning LNK4099: 未找到 PDB“vc140.pdb”(使用“sfml-graphics-s-d.lib(GLCheck.cpp.obj)”或在“C:\Users\hj\documents\visual studio 2015\Projects\ConsoleApplication50\Debug\vc140.pdb”中寻找)；正在链接对象，如同没有调试信息一样
     1>sfml-graphics-s-d.lib(GLExtensions.cpp.obj) : warning LNK4099: 未找到 PDB“vc140.pdb”(使用“sfml-graphics-s-d.lib(GLExtensions.cpp.obj)”或在“C:\Users\hj\documents\visual studio 2015\Projects\ConsoleApplication50\Debug\vc140.pdb”中寻找)；正在链接对象，如同没有调试信息一样
     1>sfml-graphics-s-d.lib(Image.cpp.obj) : warning LNK4099: 未找到 PDB“vc140.pdb”(使用“sfml-graphics-s-d.lib(Image.cpp.obj)”或在“C:\Users\hj\documents\visual studio 2015\Projects\ConsoleApplication50\Debug\vc140.pdb”中寻找)；正在链接对象，如同没有调试信息一样
     1>sfml-graphics-s-d.lib(ImageLoader.cpp.obj) : warning LNK4099: 未找到 PDB“vc140.pdb”(使用“sfml-graphics-s-d.lib(ImageLoader.cpp.obj)”或在“C:\Users\hj\documents\visual studio 2015\Projects\ConsoleApplication50\Debug\vc140.pdb”中寻找)；正在链接对象，如同没有调试信息一样
     1>sfml-graphics-s-d.lib(RenderStates.cpp.obj) : warning LNK4099: 未找到 PDB“vc140.pdb”(使用“sfml-graphics-s-d.lib(RenderStates.cpp.obj)”或在“C:\Users\hj\documents\visual studio 2015\Projects\ConsoleApplication50\Debug\vc140.pdb”中寻找)；正在链接对象，如同没有调试信息一样
     1>sfml-graphics-s-d.lib(RenderTarget.cpp.obj) : warning LNK4099: 未找到 PDB“vc140.pdb”(使用“sfml-graphics-s-d.lib(RenderTarget.cpp.obj)”或在“C:\Users\hj\documents\visual studio 2015\Projects\ConsoleApplication50\Debug\vc140.pdb”中寻找)；正在链接对象，如同没有调试信息一样
     1>sfml-graphics-s-d.lib(RenderWindow.cpp.obj) : warning LNK4099: 未找到 PDB“vc140.pdb”(使用“sfml-graphics-s-d.lib(RenderWindow.cpp.obj)”或在“C:\Users\hj\documents\visual studio 2015\Projects\ConsoleApplication50\Debug\vc140.pdb”中寻找)；正在链接对象，如同没有调试信息一样
     1>sfml-graphics-s-d.lib(Shader.cpp.obj) : warning LNK4099: 未找到 PDB“vc140.pdb”(使用“sfml-graphics-s-d.lib(Shader.cpp.obj)”或在“C:\Users\hj\documents\visual studio 2015\Projects\ConsoleApplication50\Debug\vc140.pdb”中寻找)；正在链接对象，如同没有调试信息一样
     1>sfml-graphics-s-d.lib(Texture.cpp.obj) : warning LNK4099: 未找到 PDB“vc140.pdb”(使用“sfml-graphics-s-d.lib(Texture.cpp.obj)”或在“C:\Users\hj\documents\visual studio 2015\Projects\ConsoleApplication50\Debug\vc140.pdb”中寻找)；正在链接对象，如同没有调试信息一样
     1>sfml-graphics-s-d.lib(TextureSaver.cpp.obj) : warning LNK4099: 未找到 PDB“vc140.pdb”(使用“sfml-graphics-s-d.lib(TextureSaver.cpp.obj)”或在“C:\Users\hj\documents\visual studio 2015\Projects\ConsoleApplication50\Debug\vc140.pdb”中寻找)；正在链接对象，如同没有调试信息一样
     1>sfml-graphics-s-d.lib(Transform.cpp.obj) : warning LNK4099: 未找到 PDB“vc140.pdb”(使用“sfml-graphics-s-d.lib(Transform.cpp.obj)”或在“C:\Users\hj\documents\visual studio 2015\Projects\ConsoleApplication50\Debug\vc140.pdb”中寻找)；正在链接对象，如同没有调试信息一样
     1>sfml-graphics-s-d.lib(Transformable.cpp.obj) : warning LNK4099: 未找到 PDB“vc140.pdb”(使用“sfml-graphics-s-d.lib(Transformable.cpp.obj)”或在“C:\Users\hj\documents\visual studio 2015\Projects\ConsoleApplication50\Debug\vc140.pdb”中寻找)；正在链接对象，如同没有调试信息一样
     1>sfml-graphics-s-d.lib(View.cpp.obj) : warning LNK4099: 未找到 PDB“vc140.pdb”(使用“sfml-graphics-s-d.lib(View.cpp.obj)”或在“C:\Users\hj\documents\visual studio 2015\Projects\ConsoleApplication50\Debug\vc140.pdb”中寻找)；正在链接对象，如同没有调试信息一样
     1>sfml-graphics-s-d.lib(Vertex.cpp.obj) : warning LNK4099: 未找到 PDB“vc140.pdb”(使用“sfml-graphics-s-d.lib(Vertex.cpp.obj)”或在“C:\Users\hj\documents\visual studio 2015\Projects\ConsoleApplication50\Debug\vc140.pdb”中寻找)；正在链接对象，如同没有调试信息一样
     1>sfml-graphics-s-d.lib(GLLoader.cpp.obj) : warning LNK4099: 未找到 PDB“vc140.pdb”(使用“sfml-graphics-s-d.lib(GLLoader.cpp.obj)”或在“C:\Users\hj\documents\visual studio 2015\Projects\ConsoleApplication50\Debug\vc140.pdb”中寻找)；正在链接对象，如同没有调试信息一样
     1>sfml-graphics-s-d.lib(Sprite.cpp.obj) : warning LNK4099: 未找到 PDB“vc140.pdb”(使用“sfml-graphics-s-d.lib(Sprite.cpp.obj)”或在“C:\Users\hj\documents\visual studio 2015\Projects\ConsoleApplication50\Debug\vc140.pdb”中寻找)；正在链接对象，如同没有调试信息一样
     1>sfml-window-s-d.lib(Context.cpp.obj) : warning LNK4099: 未找到 PDB“vc140.pdb”(使用“sfml-window-s-d.lib(Context.cpp.obj)”或在“C:\Users\hj\documents\visual studio 2015\Projects\ConsoleApplication50\Debug\vc140.pdb”中寻找)；正在链接对象，如同没有调试信息一样
     1>sfml-window-s-d.lib(GlContext.cpp.obj) : warning LNK4099: 未找到 PDB“vc140.pdb”(使用“sfml-window-s-d.lib(GlContext.cpp.obj)”或在“C:\Users\hj\documents\visual studio 2015\Projects\ConsoleApplication50\Debug\vc140.pdb”中寻找)；正在链接对象，如同没有调试信息一样
     1>sfml-window-s-d.lib(GlResource.cpp.obj) : warning LNK4099: 未找到 PDB“vc140.pdb”(使用“sfml-window-s-d.lib(GlResource.cpp.obj)”或在“C:\Users\hj\documents\visual studio 2015\Projects\ConsoleApplication50\Debug\vc140.pdb”中寻找)；正在链接对象，如同没有调试信息一样
     1>sfml-window-s-d.lib(Joystick.cpp.obj) : warning LNK4099: 未找到 PDB“vc140.pdb”(使用“sfml-window-s-d.lib(Joystick.cpp.obj)”或在“C:\Users\hj\documents\visual studio 2015\Projects\ConsoleApplication50\Debug\vc140.pdb”中寻找)；正在链接对象，如同没有调试信息一样
     1>sfml-window-s-d.lib(JoystickManager.cpp.obj) : warning LNK4099: 未找到 PDB“vc140.pdb”(使用“sfml-window-s-d.lib(JoystickManager.cpp.obj)”或在“C:\Users\hj\documents\visual studio 2015\Projects\ConsoleApplication50\Debug\vc140.pdb”中寻找)；正在链接对象，如同没有调试信息一样
     1>sfml-window-s-d.lib(Keyboard.cpp.obj) : warning LNK4099: 未找到 PDB“vc140.pdb”(使用“sfml-window-s-d.lib(Keyboard.cpp.obj)”或在“C:\Users\hj\documents\visual studio 2015\Projects\ConsoleApplication50\Debug\vc140.pdb”中寻找)；正在链接对象，如同没有调试信息一样
     1>sfml-window-s-d.lib(SensorManager.cpp.obj) : warning LNK4099: 未找到 PDB“vc140.pdb”(使用“sfml-window-s-d.lib(SensorManager.cpp.obj)”或在“C:\Users\hj\documents\visual studio 2015\Projects\ConsoleApplication50\Debug\vc140.pdb”中寻找)；正在链接对象，如同没有调试信息一样
     1>sfml-window-s-d.lib(VideoMode.cpp.obj) : warning LNK4099: 未找到 PDB“vc140.pdb”(使用“sfml-window-s-d.lib(VideoMode.cpp.obj)”或在“C:\Users\hj\documents\visual studio 2015\Projects\ConsoleApplication50\Debug\vc140.pdb”中寻找)；正在链接对象，如同没有调试信息一样
     1>sfml-window-s-d.lib(Window.cpp.obj) : warning LNK4099: 未找到 PDB“vc140.pdb”(使用“sfml-window-s-d.lib(Window.cpp.obj)”或在“C:\Users\hj\documents\visual studio 2015\Projects\ConsoleApplication50\Debug\vc140.pdb”中寻找)；正在链接对象，如同没有调试信息一样
     1>sfml-window-s-d.lib(WindowImpl.cpp.obj) : warning LNK4099: 未找到 PDB“vc140.pdb”(使用“sfml-window-s-d.lib(WindowImpl.cpp.obj)”或在“C:\Users\hj\documents\visual studio 2015\Projects\ConsoleApplication50\Debug\vc140.pdb”中寻找)；正在链接对象，如同没有调试信息一样
     1>sfml-window-s-d.lib(WglContext.cpp.obj) : warning LNK4099: 未找到 PDB“vc140.pdb”(使用“sfml-window-s-d.lib(WglContext.cpp.obj)”或在“C:\Users\hj\documents\visual studio 2015\Projects\ConsoleApplication50\Debug\vc140.pdb”中寻找)；正在链接对象，如同没有调试信息一样
     1>sfml-window-s-d.lib(WglExtensions.cpp.obj) : warning LNK4099: 未找到 PDB“vc140.pdb”(使用“sfml-window-s-d.lib(WglExtensions.cpp.obj)”或在“C:\Users\hj\documents\visual studio 2015\Projects\ConsoleApplication50\Debug\vc140.pdb”中寻找)；正在链接对象，如同没有调试信息一样
     1>sfml-window-s-d.lib(InputImpl.cpp.obj) : warning LNK4099: 未找到 PDB“vc140.pdb”(使用“sfml-window-s-d.lib(InputImpl.cpp.obj)”或在“C:\Users\hj\documents\visual studio 2015\Projects\ConsoleApplication50\Debug\vc140.pdb”中寻找)；正在链接对象，如同没有调试信息一样
     1>sfml-window-s-d.lib(JoystickImpl.cpp.obj) : warning LNK4099: 未找到 PDB“vc140.pdb”(使用“sfml-window-s-d.lib(JoystickImpl.cpp.obj)”或在“C:\Users\hj\documents\visual studio 2015\Projects\ConsoleApplication50\Debug\vc140.pdb”中寻找)；正在链接对象，如同没有调试信息一样
     1>sfml-window-s-d.lib(SensorImpl.cpp.obj) : warning LNK4099: 未找到 PDB“vc140.pdb”(使用“sfml-window-s-d.lib(SensorImpl.cpp.obj)”或在“C:\Users\hj\documents\visual studio 2015\Projects\ConsoleApplication50\Debug\vc140.pdb”中寻找)；正在链接对象，如同没有调试信息一样
     1>sfml-window-s-d.lib(VideoModeImpl.cpp.obj) : warning LNK4099: 未找到 PDB“vc140.pdb”(使用“sfml-window-s-d.lib(VideoModeImpl.cpp.obj)”或在“C:\Users\hj\documents\visual studio 2015\Projects\ConsoleApplication50\Debug\vc140.pdb”中寻找)；正在链接对象，如同没有调试信息一样
     1>sfml-window-s-d.lib(WindowImplWin32.cpp.obj) : warning LNK4099: 未找到 PDB“vc140.pdb”(使用“sfml-window-s-d.lib(WindowImplWin32.cpp.obj)”或在“C:\Users\hj\documents\visual studio 2015\Projects\ConsoleApplication50\Debug\vc140.pdb”中寻找)；正在链接对象，如同没有调试信息一样
     1>sfml-system-s-d.lib(Clock.cpp.obj) : warning LNK4099: 未找到 PDB“vc140.pdb”(使用“sfml-system-s-d.lib(Clock.cpp.obj)”或在“C:\Users\hj\documents\visual studio 2015\Projects\ConsoleApplication50\Debug\vc140.pdb”中寻找)；正在链接对象，如同没有调试信息一样
     1>sfml-system-s-d.lib(Err.cpp.obj) : warning LNK4099: 未找到 PDB“vc140.pdb”(使用“sfml-system-s-d.lib(Err.cpp.obj)”或在“C:\Users\hj\documents\visual studio 2015\Projects\ConsoleApplication50\Debug\vc140.pdb”中寻找)；正在链接对象，如同没有调试信息一样
     1>sfml-system-s-d.lib(Lock.cpp.obj) : warning LNK4099: 未找到 PDB“vc140.pdb”(使用“sfml-system-s-d.lib(Lock.cpp.obj)”或在“C:\Users\hj\documents\visual studio 2015\Projects\ConsoleApplication50\Debug\vc140.pdb”中寻找)；正在链接对象，如同没有调试信息一样
     1>sfml-system-s-d.lib(Mutex.cpp.obj) : warning LNK4099: 未找到 PDB“vc140.pdb”(使用“sfml-system-s-d.lib(Mutex.cpp.obj)”或在“C:\Users\hj\documents\visual studio 2015\Projects\ConsoleApplication50\Debug\vc140.pdb”中寻找)；正在链接对象，如同没有调试信息一样
     1>sfml-system-s-d.lib(Sleep.cpp.obj) : warning LNK4099: 未找到 PDB“vc140.pdb”(使用“sfml-system-s-d.lib(Sleep.cpp.obj)”或在“C:\Users\hj\documents\visual studio 2015\Projects\ConsoleApplication50\Debug\vc140.pdb”中寻找)；正在链接对象，如同没有调试信息一样
     1>sfml-system-s-d.lib(String.cpp.obj) : warning LNK4099: 未找到 PDB“vc140.pdb”(使用“sfml-system-s-d.lib(String.cpp.obj)”或在“C:\Users\hj\documents\visual studio 2015\Projects\ConsoleApplication50\Debug\vc140.pdb”中寻找)；正在链接对象，如同没有调试信息一样
     1>sfml-system-s-d.lib(ThreadLocal.cpp.obj) : warning LNK4099: 未找到 PDB“vc140.pdb”(使用“sfml-system-s-d.lib(ThreadLocal.cpp.obj)”或在“C:\Users\hj\documents\visual studio 2015\Projects\ConsoleApplication50\Debug\vc140.pdb”中寻找)；正在链接对象，如同没有调试信息一样
     1>sfml-system-s-d.lib(Time.cpp.obj) : warning LNK4099: 未找到 PDB“vc140.pdb”(使用“sfml-system-s-d.lib(Time.cpp.obj)”或在“C:\Users\hj\documents\visual studio 2015\Projects\ConsoleApplication50\Debug\vc140.pdb”中寻找)；正在链接对象，如同没有调试信息一样
     1>sfml-system-s-d.lib(ClockImpl.cpp.obj) : warning LNK4099: 未找到 PDB“vc140.pdb”(使用“sfml-system-s-d.lib(ClockImpl.cpp.obj)”或在“C:\Users\hj\documents\visual studio 2015\Projects\ConsoleApplication50\Debug\vc140.pdb”中寻找)；正在链接对象，如同没有调试信息一样
     1>sfml-system-s-d.lib(MutexImpl.cpp.obj) : warning LNK4099: 未找到 PDB“vc140.pdb”(使用“sfml-system-s-d.lib(MutexImpl.cpp.obj)”或在“C:\Users\hj\documents\visual studio 2015\Projects\ConsoleApplication50\Debug\vc140.pdb”中寻找)；正在链接对象，如同没有调试信息一样
     1>sfml-system-s-d.lib(SleepImpl.cpp.obj) : warning LNK4099: 未找到 PDB“vc140.pdb”(使用“sfml-system-s-d.lib(SleepImpl.cpp.obj)”或在“C:\Users\hj\documents\visual studio 2015\Projects\ConsoleApplication50\Debug\vc140.pdb”中寻找)；正在链接对象，如同没有调试信息一样
     1>sfml-system-s-d.lib(ThreadLocalImpl.cpp.obj) : warning LNK4099: 未找到 PDB“vc140.pdb”(使用“sfml-system-s-d.lib(ThreadLocalImpl.cpp.obj)”或在“C:\Users\hj\documents\visual studio 2015\Projects\ConsoleApplication50\Debug\vc140.pdb”中寻找)；正在链接对象，如同没有调试信息一样
         ConsoleApplication50.vcxproj -> C:\Users\hj\documents\visual studio 2015\Projects\ConsoleApplication50\Debug\ConsoleApplication50.exe
     1>已完成生成项目“C:\Users\hj\documents\visual studio 2015\Projects\ConsoleApplication50\ConsoleApplication50\ConsoleApplication50.vcxproj”(Build 个目标)的操作。

已成功生成。

已用时间 00:00:01.23
