  main.cpp
main.cpp(4): fatal error C1083: 无法打开包括文件: “SFML/Window.hpp”: No such file or directory
  old.cpp
  Background.cpp
src\Background.cpp(1): fatal error C1083: 无法打开包括文件: “Background.hpp”: No such file or directory
  Boss.cpp
src\Boss.cpp(1): fatal error C1083: 无法打开包括文件: “Boss.hpp”: No such file or directory
  Bossshoot.cpp
src\Bossshoot.cpp(1): fatal error C1083: 无法打开包括文件: “Bossshoot.hpp”: No such file or directory
  Enemy.cpp
src\Enemy.cpp(1): fatal error C1083: 无法打开包括文件: “Enemy.hpp”: No such file or directory
  Enemyshoot.cpp
src\Enemyshoot.cpp(1): fatal error C1083: 无法打开包括文件: “Enemyshoot.hpp”: No such file or directory
  Flying.cpp
src\Flying.cpp(1): fatal error C1083: 无法打开包括文件: “Flying.hpp”: No such file or directory
  Game.cpp
src\Game.cpp(3): fatal error C1083: 无法打开包括文件: “Game.hpp”: No such file or directory
  Load.cpp
src\Load.cpp(1): fatal error C1083: 无法打开包括文件: “Load.hpp”: No such file or directory
  Myplane.cpp
src\Myplane.cpp(1): fatal error C1083: 无法打开包括文件: “Myplane.hpp”: No such file or directory
  Myshoot.cpp
src\Myshoot.cpp(1): fatal error C1083: 无法打开包括文件: “Myshoot.hpp”: No such file or directory
  Type.cpp
src\Type.cpp(1): fatal error C1083: 无法打开包括文件: “Type.hpp”: No such file or directory
